"D:/Unreal/ShootThemUp/Content/UI/Images/free-icon-circular-target-263387.uasset" 0
"D:/Unreal/ShootThemUp/Content/UI/Images/free-icon-circular-target-263387.uexp" 1
"D:/Unreal/ShootThemUp/Content/UI/Images/free-icon-circular-target-263387.ubulk" 2
"D:/Unreal/ShootThemUp/Content/Weapons/Rifle_Skeleton.uasset" 3
"D:/Unreal/ShootThemUp/Content/Weapons/Rifle_Skeleton.uexp" 4
"D:/Unreal/ShootThemUp/Content/Environment/Textures/holo_layer_1_5.uasset" 5
"D:/Unreal/ShootThemUp/Content/Environment/Textures/holo_layer_1_5.uexp" 6
"D:/Unreal/ShootThemUp/Content/Environment/Textures/holo_layer_1_5.ubulk" 7
"D:/Unreal/ShootThemUp/Content/Weapons/Textures/SightLens_maskB.uasset" 8
"D:/Unreal/ShootThemUp/Content/Weapons/Textures/SightLens_maskB.uexp" 9
"D:/Unreal/ShootThemUp/Content/Weapons/Textures/SightLens_maskB.ubulk" 10
"D:/Unreal/ShootThemUp/Content/Weapons/Textures/SightLens_maskA.uasset" 11
"D:/Unreal/ShootThemUp/Content/Weapons/Textures/SightLens_maskA.uexp" 12
"D:/Unreal/ShootThemUp/Content/Weapons/Textures/SightLens_maskA.ubulk" 13
"D:/Unreal/ShootThemUp/Content/Weapons/Materials/MagGun_SightLens_Mat.uasset" 14
"D:/Unreal/ShootThemUp/Content/Weapons/Materials/MagGun_SightLens_Mat.uexp" 15
"D:/Unreal/ShootThemUp/Content/Weapons/Materials/MagGun_SightLens_Mat_Inst.uasset" 16
"D:/Unreal/ShootThemUp/Content/Weapons/Materials/MagGun_SightLens_Mat_Inst.uexp" 17
"../../../Engine/Content/Functions/Engine_MaterialFunctions01/Texturing/FlattenNormal.uasset" 18
"../../../Engine/Content/Functions/Engine_MaterialFunctions01/Texturing/FlattenNormal.uexp" 19
"../../../Engine/Content/Functions/Engine_MaterialFunctions02/Utility/BlendAngleCorrectedNormals.uasset" 20
"../../../Engine/Content/Functions/Engine_MaterialFunctions02/Utility/BlendAngleCorrectedNormals.uexp" 21
"../../../Engine/Content/Functions/MaterialLayerFunctions/MatLayerBlend_BakedNormal.uasset" 22
"../../../Engine/Content/Functions/MaterialLayerFunctions/MatLayerBlend_BakedNormal.uexp" 23
"../../../Engine/Content/Functions/MaterialLayerFunctions/MatLayerBlend_Standard.uasset" 24
"../../../Engine/Content/Functions/MaterialLayerFunctions/MatLayerBlend_Standard.uexp" 25
"../../../Engine/Content/Functions/MaterialLayerFunctions/MatLayerBlend_TintAllChannels.uasset" 26
"../../../Engine/Content/Functions/MaterialLayerFunctions/MatLayerBlend_TintAllChannels.uexp" 27
"D:/Unreal/ShootThemUp/Content/Weapons/Textures/MagGunT2_shade.uasset" 28
"D:/Unreal/ShootThemUp/Content/Weapons/Textures/MagGunT2_shade.uexp" 29
"D:/Unreal/ShootThemUp/Content/Weapons/Textures/MagGunT2_shade.ubulk" 30
"D:/Unreal/ShootThemUp/Content/Weapons/Textures/MagGunT2_section.uasset" 31
"D:/Unreal/ShootThemUp/Content/Weapons/Textures/MagGunT2_section.uexp" 32
"D:/Unreal/ShootThemUp/Content/Weapons/Textures/MagGunT2_section.ubulk" 33
"D:/Unreal/ShootThemUp/Content/Weapons/Textures/MagGun_Display_EM.uasset" 34
"D:/Unreal/ShootThemUp/Content/Weapons/Textures/MagGun_Display_EM.uexp" 35
"D:/Unreal/ShootThemUp/Content/Weapons/Textures/MagGun_Display_EM.ubulk" 36
"D:/Unreal/ShootThemUp/Content/Weapons/Textures/MagGun_02_N.uasset" 37
"D:/Unreal/ShootThemUp/Content/Weapons/Textures/MagGun_02_N.uexp" 38
"D:/Unreal/ShootThemUp/Content/Weapons/Textures/MagGun_02_N.ubulk" 39
"D:/Unreal/ShootThemUp/Content/Weapons/Textures/MagGun_Decals.uasset" 40
"D:/Unreal/ShootThemUp/Content/Weapons/Textures/MagGun_Decals.uexp" 41
"D:/Unreal/ShootThemUp/Content/Weapons/Textures/MagGun_Decals.ubulk" 42
"../../../Engine/Content/Functions/MaterialLayerFunctions/MatLayerBlend_Decal.uasset" 43
"../../../Engine/Content/Functions/MaterialLayerFunctions/MatLayerBlend_Decal.uexp" 44
"../../../Engine/Content/Functions/MaterialLayerFunctions/MatLayerBlend_RoughnessOverride.uasset" 45
"../../../Engine/Content/Functions/MaterialLayerFunctions/MatLayerBlend_RoughnessOverride.uexp" 46
"../../../Engine/Content/Functions/MaterialLayerFunctions/MatLayerBlend_Emissive.uasset" 47
"../../../Engine/Content/Functions/MaterialLayerFunctions/MatLayerBlend_Emissive.uexp" 48
"D:/Unreal/ShootThemUp/Content/Weapons/MaterialLayers/T_Rubber.uasset" 49
"D:/Unreal/ShootThemUp/Content/Weapons/MaterialLayers/T_Rubber.uexp" 50
"D:/Unreal/ShootThemUp/Content/Weapons/MaterialLayers/T_Rubber.ubulk" 51
"D:/Unreal/ShootThemUp/Content/Weapons/MaterialLayers/ML_Rubber.uasset" 52
"D:/Unreal/ShootThemUp/Content/Weapons/MaterialLayers/ML_Rubber.uexp" 53
"D:/Unreal/ShootThemUp/Content/Weapons/MaterialLayers/T_PaintedMetal02.uasset" 54
"D:/Unreal/ShootThemUp/Content/Weapons/MaterialLayers/T_PaintedMetal02.uexp" 55
"D:/Unreal/ShootThemUp/Content/Weapons/MaterialLayers/T_PaintedMetal02.ubulk" 56
"D:/Unreal/ShootThemUp/Content/Weapons/MaterialLayers/T_PaintedMetal01_N.uasset" 57
"D:/Unreal/ShootThemUp/Content/Weapons/MaterialLayers/T_PaintedMetal01_N.uexp" 58
"D:/Unreal/ShootThemUp/Content/Weapons/MaterialLayers/T_PaintedMetal01_N.ubulk" 59
"D:/Unreal/ShootThemUp/Content/Weapons/MaterialLayers/ML_Paint.uasset" 60
"D:/Unreal/ShootThemUp/Content/Weapons/MaterialLayers/ML_Paint.uexp" 61
"D:/Unreal/ShootThemUp/Content/Weapons/MaterialLayers/T_Metal_Metal02_D.uasset" 62
"D:/Unreal/ShootThemUp/Content/Weapons/MaterialLayers/T_Metal_Metal02_D.uexp" 63
"D:/Unreal/ShootThemUp/Content/Weapons/MaterialLayers/T_Metal_Metal02_D.ubulk" 64
"D:/Unreal/ShootThemUp/Content/Weapons/MaterialLayers/ML_Metal_Gray.uasset" 65
"D:/Unreal/ShootThemUp/Content/Weapons/MaterialLayers/ML_Metal_Gray.uexp" 66
"D:/Unreal/ShootThemUp/Content/Characters/Textures/Chr_FPS_Metal_02.uasset" 67
"D:/Unreal/ShootThemUp/Content/Characters/Textures/Chr_FPS_Metal_02.uexp" 68
"D:/Unreal/ShootThemUp/Content/Characters/Textures/Chr_FPS_Metal_02.ubulk" 69
"D:/Unreal/ShootThemUp/Content/Weapons/MaterialLayers/T_ExampleLayers_Metal02_N.uasset" 70
"D:/Unreal/ShootThemUp/Content/Weapons/MaterialLayers/T_ExampleLayers_Metal02_N.uexp" 71
"D:/Unreal/ShootThemUp/Content/Weapons/MaterialLayers/T_ExampleLayers_Metal02_N.ubulk" 72
"D:/Unreal/ShootThemUp/Content/Weapons/MaterialLayers/ML_Metal_Copper.uasset" 73
"D:/Unreal/ShootThemUp/Content/Weapons/MaterialLayers/ML_Metal_Copper.uexp" 74
"D:/Unreal/ShootThemUp/Content/Weapons/MaterialLayers/ML_BoltMetal.uasset" 75
"D:/Unreal/ShootThemUp/Content/Weapons/MaterialLayers/ML_BoltMetal.uexp" 76
"D:/Unreal/ShootThemUp/Content/Weapons/Materials/MagGun_MatB.uasset" 77
"D:/Unreal/ShootThemUp/Content/Weapons/Materials/MagGun_MatB.uexp" 78
"D:/Unreal/ShootThemUp/Content/Weapons/Materials/MagGun_MatB_Inst2.uasset" 79
"D:/Unreal/ShootThemUp/Content/Weapons/Materials/MagGun_MatB_Inst2.uexp" 80
"D:/Unreal/ShootThemUp/Content/Weapons/Textures/MagGunT1_shade.uasset" 81
"D:/Unreal/ShootThemUp/Content/Weapons/Textures/MagGunT1_shade.uexp" 82
"D:/Unreal/ShootThemUp/Content/Weapons/Textures/MagGunT1_shade.ubulk" 83
"D:/Unreal/ShootThemUp/Content/Weapons/Textures/MagGunT1_section.uasset" 84
"D:/Unreal/ShootThemUp/Content/Weapons/Textures/MagGunT1_section.uexp" 85
"D:/Unreal/ShootThemUp/Content/Weapons/Textures/MagGunT1_section.ubulk" 86
"D:/Unreal/ShootThemUp/Content/Weapons/Textures/MagGun_01_N.uasset" 87
"D:/Unreal/ShootThemUp/Content/Weapons/Textures/MagGun_01_N.uexp" 88
"D:/Unreal/ShootThemUp/Content/Weapons/Textures/MagGun_01_N.ubulk" 89
"D:/Unreal/ShootThemUp/Content/Weapons/Materials/MagGun_MatA.uasset" 90
"D:/Unreal/ShootThemUp/Content/Weapons/Materials/MagGun_MatA.uexp" 91
"D:/Unreal/ShootThemUp/Content/Weapons/Materials/MagGun_MatA_Inst3.uasset" 92
"D:/Unreal/ShootThemUp/Content/Weapons/Materials/MagGun_MatA_Inst3.uexp" 93
"D:/Unreal/ShootThemUp/Content/Weapons/Rifle.uasset" 94
"D:/Unreal/ShootThemUp/Content/Weapons/Rifle.uexp" 95
"D:/Unreal/ShootThemUp/Content/Weapon/BP_STUBaseWeapon.uasset" 96
"D:/Unreal/ShootThemUp/Content/Weapon/BP_STUBaseWeapon.uexp" 97
"../../../Engine/Content/EngineMaterials/T_Default_Material_Grid_N.uasset" 98
"../../../Engine/Content/EngineMaterials/T_Default_Material_Grid_N.uexp" 99
"../../../Engine/Content/EngineMaterials/T_Default_Material_Grid_N.ubulk" 100
"../../../Engine/Content/EngineMaterials/T_Default_Material_Grid_M.uasset" 101
"../../../Engine/Content/EngineMaterials/T_Default_Material_Grid_M.uexp" 102
"../../../Engine/Content/EngineMaterials/T_Default_Material_Grid_M.ubulk" 103
"../../../Engine/Content/Functions/Engine_MaterialFunctions01/Opacity/CameraDepthFade.uasset" 104
"../../../Engine/Content/Functions/Engine_MaterialFunctions01/Opacity/CameraDepthFade.uexp" 105
"../../../Engine/Content/EngineMaterials/WorldGridMaterial.uasset" 106
"../../../Engine/Content/EngineMaterials/WorldGridMaterial.uexp" 107
"../../../Engine/Content/ArtTools/RenderToTexture/Meshes/S_1_Unit_Plane.uasset" 108
"../../../Engine/Content/ArtTools/RenderToTexture/Meshes/S_1_Unit_Plane.uexp" 109
"../../../Engine/Content/EngineMaterials/DefaultMaterial.uasset" 110
"../../../Engine/Content/EngineMaterials/DefaultMaterial.uexp" 111
"../../../Engine/Content/BasicShapes/Cone.uasset" 112
"../../../Engine/Content/BasicShapes/Cone.uexp" 113
"../../../Engine/Content/BasicShapes/Cube.uasset" 114
"../../../Engine/Content/BasicShapes/Cube.uexp" 115
"../../../Engine/Content/BasicShapes/Plane.uasset" 116
"../../../Engine/Content/BasicShapes/Plane.uexp" 117
"../../../Engine/Content/EditorLandscapeResources/DataLayer.uasset" 118
"../../../Engine/Content/EditorLandscapeResources/DataLayer.uexp" 119
"../../../Engine/Content/EditorLandscapeResources/DefaultAlphaTexture.uasset" 120
"../../../Engine/Content/EditorLandscapeResources/DefaultAlphaTexture.uexp" 121
"../../../Engine/Content/EditorMaterials/MAT_Groups_Toggle.uasset" 122
"../../../Engine/Content/EditorMaterials/MAT_Groups_Toggle.uexp" 123
"../../../Engine/Content/EditorMaterials/MAT_Groups_Visibility.uasset" 124
"../../../Engine/Content/EditorMaterials/MAT_Groups_Visibility.uexp" 125
"../../../Engine/Content/EditorMaterials/PreviewShadowIndicator.uasset" 126
"../../../Engine/Content/EditorMaterials/PreviewShadowIndicator.uexp" 127
"../../../Engine/Content/EditorMaterials/PreviewShadowIndicator.ubulk" 128
"../../../Engine/Content/EditorMaterials/PreviewShadowIndicatorMaterial.uasset" 129
"../../../Engine/Content/EditorMaterials/PreviewShadowIndicatorMaterial.uexp" 130
"../../../Engine/Content/EditorMaterials/MatineeGroups/MAT_ColorTrack.uasset" 131
"../../../Engine/Content/EditorMaterials/MatineeGroups/MAT_ColorTrack.uexp" 132
"../../../Engine/Content/EditorMaterials/MatineeGroups/MAT_Groups_Anim.uasset" 133
"../../../Engine/Content/EditorMaterials/MatineeGroups/MAT_Groups_Anim.uexp" 134
"../../../Engine/Content/EditorMaterials/MatineeGroups/MAT_Groups_AudioMaster.uasset" 135
"../../../Engine/Content/EditorMaterials/MatineeGroups/MAT_Groups_AudioMaster.uexp" 136
"../../../Engine/Content/EditorMaterials/MatineeGroups/MAT_Groups_Director.uasset" 137
"../../../Engine/Content/EditorMaterials/MatineeGroups/MAT_Groups_Director.uexp" 138
"../../../Engine/Content/EditorMaterials/MatineeGroups/MAT_Groups_Event.uasset" 139
"../../../Engine/Content/EditorMaterials/MatineeGroups/MAT_Groups_Event.uexp" 140
"../../../Engine/Content/EditorMaterials/MatineeGroups/MAT_Groups_Fade.uasset" 141
"../../../Engine/Content/EditorMaterials/MatineeGroups/MAT_Groups_Fade.uexp" 142
"../../../Engine/Content/EditorMaterials/MatineeGroups/MAT_Groups_Float.uasset" 143
"../../../Engine/Content/EditorMaterials/MatineeGroups/MAT_Groups_Float.uexp" 144
"../../../Engine/Content/EditorMaterials/MatineeGroups/MAT_Groups_Move.uasset" 145
"../../../Engine/Content/EditorMaterials/MatineeGroups/MAT_Groups_Move.uexp" 146
"../../../Engine/Content/EditorMaterials/MatineeGroups/MAT_Groups_Slomo.uasset" 147
"../../../Engine/Content/EditorMaterials/MatineeGroups/MAT_Groups_Slomo.uexp" 148
"../../../Engine/Content/EditorMaterials/MatineeGroups/MAT_Groups_Sound.uasset" 149
"../../../Engine/Content/EditorMaterials/MatineeGroups/MAT_Groups_Sound.uexp" 150
"../../../Engine/Content/EditorMaterials/MatineeGroups/MAT_Groups_Vector.uasset" 151
"../../../Engine/Content/EditorMaterials/MatineeGroups/MAT_Groups_Vector.uexp" 152
"../../../Engine/Content/EditorMaterials/ParticleSystems/PSysThumbnail_NoImage.uasset" 153
"../../../Engine/Content/EditorMaterials/ParticleSystems/PSysThumbnail_NoImage.uexp" 154
"../../../Engine/Content/EditorMaterials/ParticleSystems/PSysThumbnail_NoImage.ubulk" 155
"../../../Engine/Content/EditorMaterials/ParticleSystems/PSysThumbnail_OOD.uasset" 156
"../../../Engine/Content/EditorMaterials/ParticleSystems/PSysThumbnail_OOD.uexp" 157
"../../../Engine/Content/EditorMaterials/ParticleSystems/PSysThumbnail_OOD.ubulk" 158
"../../../Engine/Content/EditorMaterials/Camera/CineMat.uasset" 159
"../../../Engine/Content/EditorMaterials/Camera/CineMat.uexp" 160
"../../../Engine/Content/EditorMaterials/Camera/MI_CineMat_Rig.uasset" 161
"../../../Engine/Content/EditorMaterials/Camera/MI_CineMat_Rig.uexp" 162
"../../../Engine/Content/EditorMeshes/Camera/SM_CraneRig_Arm.uasset" 163
"../../../Engine/Content/EditorMeshes/Camera/SM_CraneRig_Arm.uexp" 164
"../../../Engine/Content/EditorMeshes/Camera/SM_CraneRig_Base.uasset" 165
"../../../Engine/Content/EditorMeshes/Camera/SM_CraneRig_Base.uexp" 166
"../../../Engine/Content/EditorMeshes/Camera/SM_CraneRig_Body.uasset" 167
"../../../Engine/Content/EditorMeshes/Camera/SM_CraneRig_Body.uexp" 168
"../../../Engine/Content/EditorMeshes/Camera/SM_CraneRig_Mount.uasset" 169
"../../../Engine/Content/EditorMeshes/Camera/SM_CraneRig_Mount.uexp" 170
"../../../Engine/Content/EditorMeshes/Camera/SM_RailRig_Mount.uasset" 171
"../../../Engine/Content/EditorMeshes/Camera/SM_RailRig_Mount.uexp" 172
"../../../Engine/Content/EditorMeshes/Camera/SM_RailRig_Track.uasset" 173
"../../../Engine/Content/EditorMeshes/Camera/SM_RailRig_Track.uexp" 174
"../../../Engine/Content/EditorResources/BSPVertex.uasset" 175
"../../../Engine/Content/EditorResources/BSPVertex.uexp" 176
"../../../Engine/Content/EditorResources/EmptyActor.uasset" 177
"../../../Engine/Content/EditorResources/EmptyActor.uexp" 178
"../../../Engine/Content/EditorResources/S_Actor.uasset" 179
"../../../Engine/Content/EditorResources/S_Actor.uexp" 180
"../../../Engine/Content/EditorResources/S_Actor.ubulk" 181
"../../../Engine/Content/EditorResources/S_Note.uasset" 182
"../../../Engine/Content/EditorResources/S_Note.uexp" 183
"../../../Engine/Content/EditorResources/S_Note.ubulk" 184
"../../../Engine/Content/EditorResources/S_Solver.uasset" 185
"../../../Engine/Content/EditorResources/S_Solver.uexp" 186
"../../../Engine/Content/EditorResources/S_Solver.ubulk" 187
"../../../Engine/Content/EditorResources/S_Terrain.uasset" 188
"../../../Engine/Content/EditorResources/S_Terrain.uexp" 189
"../../../Engine/Content/EditorResources/S_Terrain.ubulk" 190
"../../../Engine/Content/EditorResources/S_Trigger.uasset" 191
"../../../Engine/Content/EditorResources/S_Trigger.uexp" 192
"../../../Engine/Content/EditorResources/S_Trigger.ubulk" 193
"../../../Engine/Content/EditorResources/LightIcons/S_LightError.uasset" 194
"../../../Engine/Content/EditorResources/LightIcons/S_LightError.uexp" 195
"../../../Engine/Content/EditorResources/SequenceRecorder/Countdown.uasset" 196
"../../../Engine/Content/EditorResources/SequenceRecorder/Countdown.uexp" 197
"../../../Engine/Content/EditorResources/SequenceRecorder/RecordingIndicator.uasset" 198
"../../../Engine/Content/EditorResources/SequenceRecorder/RecordingIndicator.uexp" 199
"../../../Engine/Content/EngineDamageTypes/DmgTypeBP_Environmental.uasset" 200
"../../../Engine/Content/EngineDamageTypes/DmgTypeBP_Environmental.uexp" 201
"../../../Engine/Content/EngineDebugMaterials/DebugEditorMaterial.uasset" 202
"../../../Engine/Content/EngineDebugMaterials/DebugEditorMaterial.uexp" 203
"../../../Engine/Content/EngineDebugMaterials/DebugMeshMaterial.uasset" 204
"../../../Engine/Content/EngineDebugMaterials/DebugMeshMaterial.uexp" 205
"../../../Engine/Content/EngineDebugMaterials/M_SimpleUnlitTranslucent.uasset" 206
"../../../Engine/Content/EngineDebugMaterials/M_SimpleUnlitTranslucent.uexp" 207
"../../../Engine/Content/Functions/Engine_MaterialFunctions02/Utility/CameraDirectionVector.uasset" 208
"../../../Engine/Content/Functions/Engine_MaterialFunctions02/Utility/CameraDirectionVector.uexp" 209
"../../../Engine/Content/EngineDebugMaterials/VolumeToRender.uasset" 210
"../../../Engine/Content/EngineDebugMaterials/VolumeToRender.uexp" 211
"../../../Engine/Content/EngineDebugMaterials/M_VolumeRenderSphereTracePP.uasset" 212
"../../../Engine/Content/EngineDebugMaterials/M_VolumeRenderSphereTracePP.uexp" 213
"../../../Engine/Content/Functions/Engine_MaterialFunctions01/Shading/ConvertFromDiffSpec.uasset" 214
"../../../Engine/Content/Functions/Engine_MaterialFunctions01/Shading/ConvertFromDiffSpec.uexp" 215
"../../../Engine/Content/EngineDebugMaterials/VertexColorMaterial.uasset" 216
"../../../Engine/Content/EngineDebugMaterials/VertexColorMaterial.uexp" 217
"../../../Engine/Content/EngineDebugMaterials/WireframeMaterial.uasset" 218
"../../../Engine/Content/EngineDebugMaterials/WireframeMaterial.uexp" 219
"../../../Engine/Content/EngineFonts/Faces/RobotoRegular.uasset" 220
"../../../Engine/Content/EngineFonts/Faces/RobotoRegular.uexp" 221
"../../../Engine/Content/EngineFonts/Faces/RobotoRegular.ufont" 222
"../../../Engine/Content/EngineFonts/Faces/RobotoLight.uasset" 223
"../../../Engine/Content/EngineFonts/Faces/RobotoLight.uexp" 224
"../../../Engine/Content/EngineFonts/Faces/RobotoLight.ufont" 225
"../../../Engine/Content/EngineFonts/Faces/RobotoItalic.uasset" 226
"../../../Engine/Content/EngineFonts/Faces/RobotoItalic.uexp" 227
"../../../Engine/Content/EngineFonts/Faces/RobotoItalic.ufont" 228
"../../../Engine/Content/EngineFonts/Faces/RobotoBoldItalic.uasset" 229
"../../../Engine/Content/EngineFonts/Faces/RobotoBoldItalic.uexp" 230
"../../../Engine/Content/EngineFonts/Faces/RobotoBoldItalic.ufont" 231
"../../../Engine/Content/EngineFonts/Faces/RobotoBold.uasset" 232
"../../../Engine/Content/EngineFonts/Faces/RobotoBold.uexp" 233
"../../../Engine/Content/EngineFonts/Faces/RobotoBold.ufont" 234
"../../../Engine/Content/EngineFonts/Faces/DroidSansFallback.uasset" 235
"../../../Engine/Content/EngineFonts/Faces/DroidSansFallback.uexp" 236
"../../../Engine/Content/EngineFonts/Faces/DroidSansFallback.ufont" 237
"../../../Engine/Content/EngineFonts/Roboto.uasset" 238
"../../../Engine/Content/EngineFonts/Roboto.uexp" 239
"../../../Engine/Content/EngineMaterials/BaseFlattenNormalMap.uasset" 240
"../../../Engine/Content/EngineMaterials/BaseFlattenNormalMap.uexp" 241
"../../../Engine/Content/EngineMaterials/BaseFlattenGrayscaleMap.uasset" 242
"../../../Engine/Content/EngineMaterials/BaseFlattenGrayscaleMap.uexp" 243
"../../../Engine/Content/EngineMaterials/BaseFlattenEmissiveMap.uasset" 244
"../../../Engine/Content/EngineMaterials/BaseFlattenEmissiveMap.uexp" 245
"../../../Engine/Content/EngineMaterials/BaseFlattenDiffuseMap.uasset" 246
"../../../Engine/Content/EngineMaterials/BaseFlattenDiffuseMap.uexp" 247
"../../../Engine/Content/EngineMaterials/BaseFlattenMaterial.uasset" 248
"../../../Engine/Content/EngineMaterials/BaseFlattenMaterial.uexp" 249
"../../../Engine/Content/EngineMaterials/BlueNoise.uasset" 250
"../../../Engine/Content/EngineMaterials/BlueNoise.uexp" 251
"../../../Engine/Content/EngineMaterials/DefaultBloomKernel.uasset" 252
"../../../Engine/Content/EngineMaterials/DefaultBloomKernel.uexp" 253
"../../../Engine/Content/EngineMaterials/DefaultBokeh.uasset" 254
"../../../Engine/Content/EngineMaterials/DefaultBokeh.uexp" 255
"../../../Engine/Content/EngineMaterials/DefaultDiffuse.uasset" 256
"../../../Engine/Content/EngineMaterials/DefaultDiffuse.uexp" 257
"../../../Engine/Content/EngineMaterials/DefaultDiffuse.ubulk" 258
"../../../Engine/Content/EngineMaterials/DefaultDeferredDecalMaterial.uasset" 259
"../../../Engine/Content/EngineMaterials/DefaultDeferredDecalMaterial.uexp" 260
"../../../Engine/Content/EngineMaterials/DefaultLightFunctionMaterial.uasset" 261
"../../../Engine/Content/EngineMaterials/DefaultLightFunctionMaterial.uexp" 262
"../../../Engine/Content/EngineMaterials/DefaultPhysicalMaterial.uasset" 263
"../../../Engine/Content/EngineMaterials/DefaultPhysicalMaterial.uexp" 264
"../../../Engine/Content/Functions/Engine_MaterialFunctions02/Utility/BreakOutFloat2Components.uasset" 265
"../../../Engine/Content/Functions/Engine_MaterialFunctions02/Utility/BreakOutFloat2Components.uexp" 266
"../../../Engine/Content/EngineMaterials/DefaultPostProcessMaterial.uasset" 267
"../../../Engine/Content/EngineMaterials/DefaultPostProcessMaterial.uexp" 268
"../../../Engine/Content/EngineFonts/RobotoDistanceField.uasset" 269
"../../../Engine/Content/EngineFonts/RobotoDistanceField.uexp" 270
"../../../Engine/Content/EngineMaterials/DefaultTextMaterialOpaque.uasset" 271
"../../../Engine/Content/EngineMaterials/DefaultTextMaterialOpaque.uexp" 272
"../../../Engine/Content/EngineMaterials/DefaultWhiteGrid.uasset" 273
"../../../Engine/Content/EngineMaterials/DefaultWhiteGrid.uexp" 274
"../../../Engine/Content/EngineMaterials/DefaultWhiteGrid.ubulk" 275
"../../../Engine/Content/EngineMaterials/DefaultWhiteGrid_Low.uasset" 276
"../../../Engine/Content/EngineMaterials/DefaultWhiteGrid_Low.uexp" 277
"../../../Engine/Content/EngineMaterials/EmissiveMeshMaterial.uasset" 278
"../../../Engine/Content/EngineMaterials/EmissiveMeshMaterial.uexp" 279
"../../../Engine/Content/EngineMaterials/GizmoMaterial.uasset" 280
"../../../Engine/Content/EngineMaterials/GizmoMaterial.uexp" 281
"../../../Engine/Content/EngineMaterials/Good64x64TilingNoiseHighFreq.uasset" 282
"../../../Engine/Content/EngineMaterials/Good64x64TilingNoiseHighFreq.uexp" 283
"../../../Engine/Content/EngineMaterials/MiniFont.uasset" 284
"../../../Engine/Content/EngineMaterials/MiniFont.uexp" 285
"../../../Engine/Content/EngineMaterials/InvalidLightmapSettings.uasset" 286
"../../../Engine/Content/EngineMaterials/InvalidLightmapSettings.uexp" 287
"../../../Engine/Content/EngineMaterials/InvalidLightmapSettings.ubulk" 288
"../../../Engine/Content/EngineMaterials/M_InvalidLightmapSettings.uasset" 289
"../../../Engine/Content/EngineMaterials/M_InvalidLightmapSettings.uexp" 290
"../../../Engine/Content/Functions/Engine_MaterialFunctions02/WorldPositionOffset/CameraOffset.uasset" 291
"../../../Engine/Content/Functions/Engine_MaterialFunctions02/WorldPositionOffset/CameraOffset.uexp" 292
"../../../Engine/Content/EngineMaterials/PhAT_JointLimitMaterial.uasset" 293
"../../../Engine/Content/EngineMaterials/PhAT_JointLimitMaterial.uexp" 294
"../../../Engine/Content/EngineMaterials/DefaultCalibrationColor.uasset" 295
"../../../Engine/Content/EngineMaterials/DefaultCalibrationColor.uexp" 296
"../../../Engine/Content/EngineMaterials/PPM_DefaultCalibrationColor.uasset" 297
"../../../Engine/Content/EngineMaterials/PPM_DefaultCalibrationColor.uexp" 298
"../../../Engine/Content/EngineMaterials/DefaultCalibrationGrayscale.uasset" 299
"../../../Engine/Content/EngineMaterials/DefaultCalibrationGrayscale.uexp" 300
"../../../Engine/Content/EngineMaterials/PPM_DefaultCalibrationGrayscale.uasset" 301
"../../../Engine/Content/EngineMaterials/PPM_DefaultCalibrationGrayscale.uexp" 302
"../../../Engine/Content/EngineMaterials/PreintegratedSkinBRDF.uasset" 303
"../../../Engine/Content/EngineMaterials/PreintegratedSkinBRDF.uexp" 304
"../../../Engine/Content/EngineMaterials/RemoveSurfaceMaterial.uasset" 305
"../../../Engine/Content/EngineMaterials/RemoveSurfaceMaterial.uexp" 306
"../../../Engine/Content/EngineMaterials/WeightMapPlaceholderTexture.uasset" 307
"../../../Engine/Content/EngineMaterials/WeightMapPlaceholderTexture.uexp" 308
"../../../Engine/Content/EngineResources/WhiteSquareTexture.uasset" 309
"../../../Engine/Content/EngineResources/WhiteSquareTexture.uexp" 310
"../../../Engine/Content/EngineMaterials/Widget3DPassThrough.uasset" 311
"../../../Engine/Content/EngineMaterials/Widget3DPassThrough.uexp" 312
"../../../Engine/Content/EngineMaterials/Widget3DPassThrough_Masked.uasset" 313
"../../../Engine/Content/EngineMaterials/Widget3DPassThrough_Masked.uexp" 314
"../../../Engine/Content/EngineMaterials/Widget3DPassThrough_Opaque.uasset" 315
"../../../Engine/Content/EngineMaterials/Widget3DPassThrough_Opaque.uexp" 316
"../../../Engine/Content/EngineMaterials/Widget3DPassThrough_Masked_OneSided.uasset" 317
"../../../Engine/Content/EngineMaterials/Widget3DPassThrough_Masked_OneSided.uexp" 318
"../../../Engine/Content/EngineMaterials/Widget3DPassThrough_Opaque_OneSided.uasset" 319
"../../../Engine/Content/EngineMaterials/Widget3DPassThrough_Opaque_OneSided.uexp" 320
"../../../Engine/Content/EngineMaterials/Widget3DPassThrough_Translucent.uasset" 321
"../../../Engine/Content/EngineMaterials/Widget3DPassThrough_Translucent.uexp" 322
"../../../Engine/Content/EngineMaterials/Widget3DPassThrough_Translucent_OneSided.uasset" 323
"../../../Engine/Content/EngineMaterials/Widget3DPassThrough_Translucent_OneSided.uexp" 324
"../../../Engine/Content/EngineMeshes/Cylinder.uasset" 325
"../../../Engine/Content/EngineMeshes/Cylinder.uexp" 326
"../../../Engine/Content/EngineMeshes/Sphere.uasset" 327
"../../../Engine/Content/EngineMeshes/Sphere.uexp" 328
"../../../Engine/Content/EngineResources/DefaultTexture.uasset" 329
"../../../Engine/Content/EngineResources/DefaultTexture.uexp" 330
"../../../Engine/Content/EngineResources/DefaultTexture.ubulk" 331
"../../../Engine/Content/EngineResources/DefaultTextureCube.uasset" 332
"../../../Engine/Content/EngineResources/DefaultTextureCube.uexp" 333
"../../../Engine/Content/EngineResources/DefaultVolumeTexture2D.uasset" 334
"../../../Engine/Content/EngineResources/DefaultVolumeTexture2D.uexp" 335
"../../../Engine/Content/EngineResources/DefaultVolumeTexture.uasset" 336
"../../../Engine/Content/EngineResources/DefaultVolumeTexture.uexp" 337
"../../../Engine/Content/EngineResources/GradientTexture0.uasset" 338
"../../../Engine/Content/EngineResources/GradientTexture0.uexp" 339
"../../../Engine/Content/EngineSky/VolumetricClouds/T_NoiseShape64.uasset" 340
"../../../Engine/Content/EngineSky/VolumetricClouds/T_NoiseShape64.uexp" 341
"../../../Engine/Content/EngineSky/VolumetricClouds/T_NoiseShape64.ubulk" 342
"../../../Engine/Content/EngineSky/VolumetricClouds/T_VolumeNoiseShape64.uasset" 343
"../../../Engine/Content/EngineSky/VolumetricClouds/T_VolumeNoiseShape64.uexp" 344
"../../../Engine/Content/EngineSky/VolumetricClouds/T_NoiseErosion.uasset" 345
"../../../Engine/Content/EngineSky/VolumetricClouds/T_NoiseErosion.uexp" 346
"../../../Engine/Content/EngineSky/VolumetricClouds/T_NoiseErosion.ubulk" 347
"../../../Engine/Content/EngineSky/VolumetricClouds/T_VolumeNoiseErosion32.uasset" 348
"../../../Engine/Content/EngineSky/VolumetricClouds/T_VolumeNoiseErosion32.uexp" 349
"../../../Engine/Content/Functions/Engine_MaterialFunctions02/Utility/MakeFloat2.uasset" 350
"../../../Engine/Content/Functions/Engine_MaterialFunctions02/Utility/MakeFloat2.uexp" 351
"../../../Engine/Content/EngineSky/VolumetricClouds/CloudWeatherTexture.uasset" 352
"../../../Engine/Content/EngineSky/VolumetricClouds/CloudWeatherTexture.uexp" 353
"../../../Engine/Content/EngineSky/VolumetricClouds/CloudGradientTexture.uasset" 354
"../../../Engine/Content/EngineSky/VolumetricClouds/CloudGradientTexture.uexp" 355
"../../../Engine/Content/EngineSky/VolumetricClouds/m_SimpleVolumetricCloud.uasset" 356
"../../../Engine/Content/EngineSky/VolumetricClouds/m_SimpleVolumetricCloud.uexp" 357
"../../../Engine/Content/EngineSky/VolumetricClouds/m_SimpleVolumetricCloud_Inst.uasset" 358
"../../../Engine/Content/EngineSky/VolumetricClouds/m_SimpleVolumetricCloud_Inst.uexp" 359
"../../../Engine/Content/EngineSounds/Master.uasset" 360
"../../../Engine/Content/EngineSounds/Master.uexp" 361
"../../../Engine/Content/Functions/Engine_MaterialFunctions01/Shading/PowerToRoughness.uasset" 362
"../../../Engine/Content/Functions/Engine_MaterialFunctions01/Shading/PowerToRoughness.uexp" 363
"../../../Engine/Content/Maps/Templates/Thumbnails/Default.uasset" 364
"../../../Engine/Content/Maps/Templates/Thumbnails/Default.uexp" 365
"../../../Engine/Content/Maps/Templates/Thumbnails/TimeOfDay.uasset" 366
"../../../Engine/Content/Maps/Templates/Thumbnails/TimeOfDay.uexp" 367
"../../../Engine/Content/Maps/Templates/Thumbnails/VR-Basic.uasset" 368
"../../../Engine/Content/Maps/Templates/Thumbnails/VR-Basic.uexp" 369
"../../../Engine/Content/MobileResources/T_MobileControls_texture.uasset" 370
"../../../Engine/Content/MobileResources/T_MobileControls_texture.uexp" 371
"../../../Engine/Content/MobileResources/T_MobileMenu2.uasset" 372
"../../../Engine/Content/MobileResources/T_MobileMenu2.uexp" 373
"../../../Engine/Content/MobileResources/HUD/AnalogHat.uasset" 374
"../../../Engine/Content/MobileResources/HUD/AnalogHat.uexp" 375
"../../../Engine/Content/MobileResources/HUD/VirtualJoystick_Thumb.uasset" 376
"../../../Engine/Content/MobileResources/HUD/VirtualJoystick_Thumb.uexp" 377
"../../../Engine/Content/MobileResources/HUD/VirtualJoystick_Background.uasset" 378
"../../../Engine/Content/MobileResources/HUD/VirtualJoystick_Background.uexp" 379
"../../../Engine/Content/MobileResources/HUD/DefaultVirtualJoysticks.uasset" 380
"../../../Engine/Content/MobileResources/HUD/DefaultVirtualJoysticks.uexp" 381
"../../../Engine/Content/MobileResources/HUD/LeftVirtualJoystickOnly.uasset" 382
"../../../Engine/Content/MobileResources/HUD/LeftVirtualJoystickOnly.uexp" 383
"../../../Engine/Content/MobileResources/HUD/MobileHUDButton1_off.uasset" 384
"../../../Engine/Content/MobileResources/HUD/MobileHUDButton1_off.uexp" 385
"../../../Engine/Content/MobileResources/HUD/MobileHUDButton1_on.uasset" 386
"../../../Engine/Content/MobileResources/HUD/MobileHUDButton1_on.uexp" 387
"../../../Engine/Content/MobileResources/HUD/MobileHUDButton2_off.uasset" 388
"../../../Engine/Content/MobileResources/HUD/MobileHUDButton2_off.uexp" 389
"../../../Engine/Content/MobileResources/HUD/MobileHUDButton2_on.uasset" 390
"../../../Engine/Content/MobileResources/HUD/MobileHUDButton2_on.uexp" 391
"../../../Engine/Content/MobileResources/HUD/MobileHUDButton3.uasset" 392
"../../../Engine/Content/MobileResources/HUD/MobileHUDButton3.uexp" 393
"../../../Engine/Content/MobileResources/HUD/MobileHUDButtonFire.uasset" 394
"../../../Engine/Content/MobileResources/HUD/MobileHUDButtonFire.uexp" 395
"../../../Engine/Content/MobileResources/HUD/MobileHUDDirectionPad.uasset" 396
"../../../Engine/Content/MobileResources/HUD/MobileHUDDirectionPad.uexp" 397
"../../../Engine/Content/MobileResources/HUD/MobileHUDDirectionPad2.uasset" 398
"../../../Engine/Content/MobileResources/HUD/MobileHUDDirectionPad2.uexp" 399
"../../../Engine/Content/MobileResources/HUD/MobileHUDDirectionPad3.uasset" 400
"../../../Engine/Content/MobileResources/HUD/MobileHUDDirectionPad3.uexp" 401
"../../../Engine/Content/MobileResources/HUD/MobileHUDDirectionStick.uasset" 402
"../../../Engine/Content/MobileResources/HUD/MobileHUDDirectionStick.uexp" 403
"../../../Engine/Content/MobileResources/HUD/T_Castle_ThumbstickInner.uasset" 404
"../../../Engine/Content/MobileResources/HUD/T_Castle_ThumbstickInner.uexp" 405
"../../../Engine/Content/MobileResources/HUD/T_Castle_ThumbstickOutter.uasset" 406
"../../../Engine/Content/MobileResources/HUD/T_Castle_ThumbstickOutter.uexp" 407
"../../../Engine/Content/Tutorial/ContentIntroCurve.uasset" 408
"../../../Engine/Content/Tutorial/ContentIntroCurve.uexp" 409
"../../../Engine/Content/Tutorial/Basics/TutorialAssets/icon_tab_Levels_40x.uasset" 410
"../../../Engine/Content/Tutorial/Basics/TutorialAssets/icon_tab_Levels_40x.uexp" 411
"../../../Engine/Content/Tutorial/Landscape/TutorialAssets/Landscape.uasset" 412
"../../../Engine/Content/Tutorial/Landscape/TutorialAssets/Landscape.uexp" 413
"../../../Engine/Content/EditorBlueprintResources/StandardMacros.uasset" 414
"../../../Engine/Content/EditorBlueprintResources/StandardMacros.uexp" 415
"../../../Engine/Content/VREditor/TransformGizmo/TranslucentTransformGizmoMaterial.uasset" 416
"../../../Engine/Content/VREditor/TransformGizmo/TranslucentTransformGizmoMaterial.uexp" 417
"../../../Engine/Content/VREditor/LaserPointer/VR_LaserPower_01.uasset" 418
"../../../Engine/Content/VREditor/LaserPointer/VR_LaserPower_01.uexp" 419
"../../../Engine/Content/VREditor/LaserPointer/VR_LaserPower_01.ubulk" 420
"../../../Engine/Content/VREditor/TransformGizmo/TransformGizmoMaterial.uasset" 421
"../../../Engine/Content/VREditor/TransformGizmo/TransformGizmoMaterial.uexp" 422
"../../../Engine/Content/VREditor/TransformGizmo/BoundingBoxCorner.uasset" 423
"../../../Engine/Content/VREditor/TransformGizmo/BoundingBoxCorner.uexp" 424
"../../../Engine/Content/VREditor/TransformGizmo/BoundingBoxEdge.uasset" 425
"../../../Engine/Content/VREditor/TransformGizmo/BoundingBoxEdge.uexp" 426
"../../../Engine/Content/VREditor/TransformGizmo/PlaneTranslationHandle.uasset" 427
"../../../Engine/Content/VREditor/TransformGizmo/PlaneTranslationHandle.uexp" 428
"../../../Engine/Content/VREditor/TransformGizmo/Xray.uasset" 429
"../../../Engine/Content/VREditor/TransformGizmo/Xray.uexp" 430
"../../../Engine/Content/VREditor/TransformGizmo/Main.uasset" 431
"../../../Engine/Content/VREditor/TransformGizmo/Main.uexp" 432
"../../../Engine/Content/VREditor/TransformGizmo/SM_Sequencer_Key.uasset" 433
"../../../Engine/Content/VREditor/TransformGizmo/SM_Sequencer_Key.uexp" 434
"../../../Engine/Content/VREditor/TransformGizmo/SM_Sequencer_Node.uasset" 435
"../../../Engine/Content/VREditor/TransformGizmo/SM_Sequencer_Node.uexp" 436
"../../../Engine/Plugins/2D/Paper2D/Content/PlaceholderTextures/DummySpriteTexture.uasset" 437
"../../../Engine/Plugins/2D/Paper2D/Content/PlaceholderTextures/DummySpriteTexture.uexp" 438
"../../../Engine/Plugins/2D/Paper2D/Content/PlaceholderTextures/DummySpriteTexture.ubulk" 439
"../../../Engine/Plugins/2D/Paper2D/Content/DummySprite.uasset" 440
"../../../Engine/Plugins/2D/Paper2D/Content/DummySprite.uexp" 441
"../../../Engine/Plugins/2D/Paper2D/Content/DefaultPaperTerrainMaterial.uasset" 442
"../../../Engine/Plugins/2D/Paper2D/Content/DefaultPaperTerrainMaterial.uexp" 443
"../../../Engine/Plugins/2D/Paper2D/Content/DefaultSpriteMaterial.uasset" 444
"../../../Engine/Plugins/2D/Paper2D/Content/DefaultSpriteMaterial.uexp" 445
"../../../Engine/Plugins/2D/Paper2D/Content/MaskedUnlitSpriteMaterial.uasset" 446
"../../../Engine/Plugins/2D/Paper2D/Content/MaskedUnlitSpriteMaterial.uexp" 447
"../../../Engine/Plugins/2D/Paper2D/Content/OpaqueUnlitSpriteMaterial.uasset" 448
"../../../Engine/Plugins/2D/Paper2D/Content/OpaqueUnlitSpriteMaterial.uexp" 449
"../../../Engine/Content/Functions/Engine_MaterialFunctions02/Utility/BreakOutFloat3Components.uasset" 450
"../../../Engine/Content/Functions/Engine_MaterialFunctions02/Utility/BreakOutFloat3Components.uexp" 451
"../../../Engine/Plugins/Editor/SpeedTreeImporter/Content/SpeedTree9/UnpackInteger3.uasset" 452
"../../../Engine/Plugins/Editor/SpeedTreeImporter/Content/SpeedTree9/UnpackInteger3.uexp" 453
"../../../Engine/Plugins/Editor/SpeedTreeImporter/Content/SpeedTree9/UnpackDirection.uasset" 454
"../../../Engine/Plugins/Editor/SpeedTreeImporter/Content/SpeedTree9/UnpackDirection.uexp" 455
"../../../Engine/Plugins/Editor/SpeedTreeImporter/Content/SpeedTree9/game_wind_noise.uasset" 456
"../../../Engine/Plugins/Editor/SpeedTreeImporter/Content/SpeedTree9/game_wind_noise.uexp" 457
"../../../Engine/Plugins/Editor/SpeedTreeImporter/Content/SpeedTree9/game_wind_noise.ubulk" 458
"../../../Engine/Content/Functions/Engine_MaterialFunctions02/SafeNormalize.uasset" 459
"../../../Engine/Content/Functions/Engine_MaterialFunctions02/SafeNormalize.uexp" 460
"../../../Engine/Plugins/Editor/SpeedTreeImporter/Content/SpeedTree9/SpeedTreeWindMotion.uasset" 461
"../../../Engine/Plugins/Editor/SpeedTreeImporter/Content/SpeedTree9/SpeedTreeWindMotion.uexp" 462
"../../../Engine/Plugins/Editor/SpeedTreeImporter/Content/SpeedTree9/SpeedTreeBranchMotion.uasset" 463
"../../../Engine/Plugins/Editor/SpeedTreeImporter/Content/SpeedTree9/SpeedTreeBranchMotion.uexp" 464
"../../../Engine/Content/Functions/Engine_MaterialFunctions02/ObjectLocalBounds.uasset" 465
"../../../Engine/Content/Functions/Engine_MaterialFunctions02/ObjectLocalBounds.uexp" 466
"../../../Engine/Content/Functions/Engine_MaterialFunctions02/UVs/BoundingBoxBased_0-1_UVW.uasset" 467
"../../../Engine/Content/Functions/Engine_MaterialFunctions02/UVs/BoundingBoxBased_0-1_UVW.uexp" 468
"../../../Engine/Content/Functions/Engine_MaterialFunctions02/Utility/VectorLength.uasset" 469
"../../../Engine/Content/Functions/Engine_MaterialFunctions02/Utility/VectorLength.uexp" 470
"../../../Engine/Content/Functions/Engine_MaterialFunctions02/WorldPositionOffset/ObjectScale.uasset" 471
"../../../Engine/Content/Functions/Engine_MaterialFunctions02/WorldPositionOffset/ObjectScale.uexp" 472
"../../../Engine/Plugins/Editor/SpeedTreeImporter/Content/SpeedTree9/SpeedTreeWind.uasset" 473
"../../../Engine/Plugins/Editor/SpeedTreeImporter/Content/SpeedTree9/SpeedTreeWind.uexp" 474
"../../../Engine/Plugins/Editor/SpeedTreeImporter/Content/SpeedTree9/SpeedTreeBillboard.uasset" 475
"../../../Engine/Plugins/Editor/SpeedTreeImporter/Content/SpeedTree9/SpeedTreeBillboard.uexp" 476
"../../../Engine/Plugins/Editor/SpeedTreeImporter/Content/SpeedTree9/EmptyNormal.uasset" 477
"../../../Engine/Plugins/Editor/SpeedTreeImporter/Content/SpeedTree9/EmptyNormal.uexp" 478
"../../../Engine/Plugins/Editor/SpeedTreeImporter/Content/SpeedTree9/Empty.uasset" 479
"../../../Engine/Plugins/Editor/SpeedTreeImporter/Content/SpeedTree9/Empty.uexp" 480
"../../../Engine/Plugins/Editor/SpeedTreeImporter/Content/SpeedTree9/SpeedTreeBillboardMaster.uasset" 481
"../../../Engine/Plugins/Editor/SpeedTreeImporter/Content/SpeedTree9/SpeedTreeBillboardMaster.uexp" 482
"../../../Engine/Plugins/Editor/SpeedTreeImporter/Content/SpeedTree9/SpeedTreeCameraFacing.uasset" 483
"../../../Engine/Plugins/Editor/SpeedTreeImporter/Content/SpeedTree9/SpeedTreeCameraFacing.uexp" 484
"../../../Engine/Plugins/Editor/SpeedTreeImporter/Content/SpeedTree9/SpeedTreeMaster.uasset" 485
"../../../Engine/Plugins/Editor/SpeedTreeImporter/Content/SpeedTree9/SpeedTreeMaster.uexp" 486
"../../../Engine/Content/ArtTools/RenderToTexture/Materials/Debug/M_Emissive_Color.uasset" 487
"../../../Engine/Content/ArtTools/RenderToTexture/Materials/Debug/M_Emissive_Color.uexp" 488
"../../../Engine/Content/BasicShapes/Cylinder.uasset" 489
"../../../Engine/Content/BasicShapes/Cylinder.uexp" 490
"../../../Engine/Plugins/Lumin/MagicLeapPassableWorld/Content/MagicLeapARPinInfoActor.uasset" 491
"../../../Engine/Plugins/Lumin/MagicLeapPassableWorld/Content/MagicLeapARPinInfoActor.uexp" 492
"../../../Engine/Plugins/Runtime/OpenXR/Content/Devices/GoogleDaydream/BaseTexture.uasset" 493
"../../../Engine/Plugins/Runtime/OpenXR/Content/Devices/GoogleDaydream/BaseTexture.uexp" 494
"../../../Engine/Plugins/Runtime/OpenXR/Content/Devices/GoogleDaydream/BaseTexture.ubulk" 495
"../../../Engine/Content/EngineResources/Black.uasset" 496
"../../../Engine/Content/EngineResources/Black.uexp" 497
"../../../Engine/Plugins/Runtime/OpenXR/Content/Devices/M_XRController.uasset" 498
"../../../Engine/Plugins/Runtime/OpenXR/Content/Devices/M_XRController.uexp" 499
"../../../Engine/Plugins/Runtime/OpenXR/Content/Devices/GoogleDaydream/MRTexture.uasset" 500
"../../../Engine/Plugins/Runtime/OpenXR/Content/Devices/GoogleDaydream/MRTexture.uexp" 501
"../../../Engine/Plugins/Runtime/OpenXR/Content/Devices/GoogleDaydream/MRTexture.ubulk" 502
"../../../Engine/Plugins/Runtime/OpenXR/Content/Devices/GoogleDaydream/MI_GoogleDaydream.uasset" 503
"../../../Engine/Plugins/Runtime/OpenXR/Content/Devices/GoogleDaydream/MI_GoogleDaydream.uexp" 504
"../../../Engine/Plugins/Runtime/OpenXR/Content/Devices/GoogleDaydream/GoogleDaydreamController.uasset" 505
"../../../Engine/Plugins/Runtime/OpenXR/Content/Devices/GoogleDaydream/GoogleDaydreamController.uexp" 506
"../../../Engine/Plugins/Runtime/OpenXR/Content/Devices/HTCVive/BaseTexture.uasset" 507
"../../../Engine/Plugins/Runtime/OpenXR/Content/Devices/HTCVive/BaseTexture.uexp" 508
"../../../Engine/Plugins/Runtime/OpenXR/Content/Devices/HTCVive/BaseTexture.ubulk" 509
"../../../Engine/Plugins/Runtime/OpenXR/Content/Devices/HTCVive/MI_HTCVive.uasset" 510
"../../../Engine/Plugins/Runtime/OpenXR/Content/Devices/HTCVive/MI_HTCVive.uexp" 511
"../../../Engine/Plugins/Runtime/OpenXR/Content/Devices/HTCVive/HTCViveController.uasset" 512
"../../../Engine/Plugins/Runtime/OpenXR/Content/Devices/HTCVive/HTCViveController.uexp" 513
"../../../Engine/Plugins/Runtime/OpenXR/Content/Devices/MicrosoftMixedReality/NormalTexture.uasset" 514
"../../../Engine/Plugins/Runtime/OpenXR/Content/Devices/MicrosoftMixedReality/NormalTexture.uexp" 515
"../../../Engine/Plugins/Runtime/OpenXR/Content/Devices/MicrosoftMixedReality/NormalTexture.ubulk" 516
"../../../Engine/Plugins/Runtime/OpenXR/Content/Devices/MicrosoftMixedReality/MRTexture.uasset" 517
"../../../Engine/Plugins/Runtime/OpenXR/Content/Devices/MicrosoftMixedReality/MRTexture.uexp" 518
"../../../Engine/Plugins/Runtime/OpenXR/Content/Devices/MicrosoftMixedReality/MRTexture.ubulk" 519
"../../../Engine/Plugins/Runtime/OpenXR/Content/Devices/MicrosoftMixedReality/EmissiveTexture.uasset" 520
"../../../Engine/Plugins/Runtime/OpenXR/Content/Devices/MicrosoftMixedReality/EmissiveTexture.uexp" 521
"../../../Engine/Plugins/Runtime/OpenXR/Content/Devices/MicrosoftMixedReality/EmissiveTexture.ubulk" 522
"../../../Engine/Plugins/Runtime/OpenXR/Content/Devices/MicrosoftMixedReality/BaseTexture.uasset" 523
"../../../Engine/Plugins/Runtime/OpenXR/Content/Devices/MicrosoftMixedReality/BaseTexture.uexp" 524
"../../../Engine/Plugins/Runtime/OpenXR/Content/Devices/MicrosoftMixedReality/BaseTexture.ubulk" 525
"../../../Engine/Plugins/Runtime/OpenXR/Content/Devices/MicrosoftMixedReality/MI_MicrosoftMixedReality.uasset" 526
"../../../Engine/Plugins/Runtime/OpenXR/Content/Devices/MicrosoftMixedReality/MI_MicrosoftMixedReality.uexp" 527
"../../../Engine/Plugins/Runtime/OpenXR/Content/Devices/MicrosoftMixedReality/Left/left_MicrosoftMixedRealityController.uasset" 528
"../../../Engine/Plugins/Runtime/OpenXR/Content/Devices/MicrosoftMixedReality/Left/left_MicrosoftMixedRealityController.uexp" 529
"../../../Engine/Plugins/Runtime/OpenXR/Content/Devices/MicrosoftMixedReality/Right/right_MicrosoftMixedRealityController.uasset" 530
"../../../Engine/Plugins/Runtime/OpenXR/Content/Devices/MicrosoftMixedReality/Right/right_MicrosoftMixedRealityController.uexp" 531
"../../../Engine/Plugins/Runtime/OpenXR/Content/Devices/OculusGo/BaseTexture.uasset" 532
"../../../Engine/Plugins/Runtime/OpenXR/Content/Devices/OculusGo/BaseTexture.uexp" 533
"../../../Engine/Plugins/Runtime/OpenXR/Content/Devices/OculusGo/BaseTexture.ubulk" 534
"../../../Engine/Plugins/Runtime/OpenXR/Content/Devices/OculusGo/MI_OculusGo.uasset" 535
"../../../Engine/Plugins/Runtime/OpenXR/Content/Devices/OculusGo/MI_OculusGo.uexp" 536
"../../../Engine/Plugins/Runtime/OpenXR/Content/Devices/OculusGo/OculusGoController.uasset" 537
"../../../Engine/Plugins/Runtime/OpenXR/Content/Devices/OculusGo/OculusGoController.uexp" 538
"../../../Engine/Plugins/Runtime/OpenXR/Content/Devices/OculusTouch/MRTexture.uasset" 539
"../../../Engine/Plugins/Runtime/OpenXR/Content/Devices/OculusTouch/MRTexture.uexp" 540
"../../../Engine/Plugins/Runtime/OpenXR/Content/Devices/OculusTouch/MRTexture.ubulk" 541
"../../../Engine/Plugins/Runtime/OpenXR/Content/Devices/OculusTouch/BaseTexture.uasset" 542
"../../../Engine/Plugins/Runtime/OpenXR/Content/Devices/OculusTouch/BaseTexture.uexp" 543
"../../../Engine/Plugins/Runtime/OpenXR/Content/Devices/OculusTouch/BaseTexture.ubulk" 544
"../../../Engine/Plugins/Runtime/OpenXR/Content/Devices/OculusTouch/MI_OculusTouch.uasset" 545
"../../../Engine/Plugins/Runtime/OpenXR/Content/Devices/OculusTouch/MI_OculusTouch.uexp" 546
"../../../Engine/Plugins/Runtime/OpenXR/Content/Devices/OculusTouch/Left/left_OculusTouchController.uasset" 547
"../../../Engine/Plugins/Runtime/OpenXR/Content/Devices/OculusTouch/Left/left_OculusTouchController.uexp" 548
"../../../Engine/Plugins/Runtime/OpenXR/Content/Devices/OculusTouch/Right/right_OculusTouchController.uasset" 549
"../../../Engine/Plugins/Runtime/OpenXR/Content/Devices/OculusTouch/Right/right_OculusTouchController.uexp" 550
"../../../Engine/Plugins/Runtime/OpenXR/Content/Devices/OculusTouch_v2/MRTexture.uasset" 551
"../../../Engine/Plugins/Runtime/OpenXR/Content/Devices/OculusTouch_v2/MRTexture.uexp" 552
"../../../Engine/Plugins/Runtime/OpenXR/Content/Devices/OculusTouch_v2/MRTexture.ubulk" 553
"../../../Engine/Plugins/Runtime/OpenXR/Content/Devices/OculusTouch_v2/BaseTexture.uasset" 554
"../../../Engine/Plugins/Runtime/OpenXR/Content/Devices/OculusTouch_v2/BaseTexture.uexp" 555
"../../../Engine/Plugins/Runtime/OpenXR/Content/Devices/OculusTouch_v2/BaseTexture.ubulk" 556
"../../../Engine/Plugins/Runtime/OpenXR/Content/Devices/OculusTouch_v2/MI_OculusTouch_v2.uasset" 557
"../../../Engine/Plugins/Runtime/OpenXR/Content/Devices/OculusTouch_v2/MI_OculusTouch_v2.uexp" 558
"../../../Engine/Plugins/Runtime/OpenXR/Content/Devices/OculusTouch_v2/Left/left_OculusTouch_v2Controller.uasset" 559
"../../../Engine/Plugins/Runtime/OpenXR/Content/Devices/OculusTouch_v2/Left/left_OculusTouch_v2Controller.uexp" 560
"../../../Engine/Plugins/Runtime/OpenXR/Content/Devices/OculusTouch_v2/Right/right_OculusTouch_v2Controller.uasset" 561
"../../../Engine/Plugins/Runtime/OpenXR/Content/Devices/OculusTouch_v2/Right/right_OculusTouch_v2Controller.uexp" 562
"../../../Engine/Plugins/Runtime/OpenXR/Content/Devices/OculusTouch_v3/MRTexture.uasset" 563
"../../../Engine/Plugins/Runtime/OpenXR/Content/Devices/OculusTouch_v3/MRTexture.uexp" 564
"../../../Engine/Plugins/Runtime/OpenXR/Content/Devices/OculusTouch_v3/MRTexture.ubulk" 565
"../../../Engine/Plugins/Runtime/OpenXR/Content/Devices/OculusTouch_v3/BaseTexture.uasset" 566
"../../../Engine/Plugins/Runtime/OpenXR/Content/Devices/OculusTouch_v3/BaseTexture.uexp" 567
"../../../Engine/Plugins/Runtime/OpenXR/Content/Devices/OculusTouch_v3/BaseTexture.ubulk" 568
"../../../Engine/Plugins/Runtime/OpenXR/Content/Devices/OculusTouch_v3/MI_OculusTouch_v3.uasset" 569
"../../../Engine/Plugins/Runtime/OpenXR/Content/Devices/OculusTouch_v3/MI_OculusTouch_v3.uexp" 570
"../../../Engine/Plugins/Runtime/OpenXR/Content/Devices/OculusTouch_v3/Left/left_OculusTouch_v3Controller.uasset" 571
"../../../Engine/Plugins/Runtime/OpenXR/Content/Devices/OculusTouch_v3/Left/left_OculusTouch_v3Controller.uexp" 572
"../../../Engine/Plugins/Runtime/OpenXR/Content/Devices/OculusTouch_v3/Right/right_OculusTouch_v3Controller.uasset" 573
"../../../Engine/Plugins/Runtime/OpenXR/Content/Devices/OculusTouch_v3/Right/right_OculusTouch_v3Controller.uexp" 574
"../../../Engine/Plugins/Runtime/OpenXR/Content/Devices/ValveIndex/MRTexture.uasset" 575
"../../../Engine/Plugins/Runtime/OpenXR/Content/Devices/ValveIndex/MRTexture.uexp" 576
"../../../Engine/Plugins/Runtime/OpenXR/Content/Devices/ValveIndex/MRTexture.ubulk" 577
"../../../Engine/Plugins/Runtime/OpenXR/Content/Devices/ValveIndex/BaseTexture.uasset" 578
"../../../Engine/Plugins/Runtime/OpenXR/Content/Devices/ValveIndex/BaseTexture.uexp" 579
"../../../Engine/Plugins/Runtime/OpenXR/Content/Devices/ValveIndex/BaseTexture.ubulk" 580
"../../../Engine/Plugins/Runtime/OpenXR/Content/Devices/ValveIndex/Left/MI_left_ValveIndex.uasset" 581
"../../../Engine/Plugins/Runtime/OpenXR/Content/Devices/ValveIndex/Left/MI_left_ValveIndex.uexp" 582
"../../../Engine/Plugins/Runtime/OpenXR/Content/Devices/ValveIndex/Left/left_ValveIndexController.uasset" 583
"../../../Engine/Plugins/Runtime/OpenXR/Content/Devices/ValveIndex/Left/left_ValveIndexController.uexp" 584
"../../../Engine/Plugins/Runtime/OpenXR/Content/Devices/ValveIndex/Right/MI_right_ValveIndex.uasset" 585
"../../../Engine/Plugins/Runtime/OpenXR/Content/Devices/ValveIndex/Right/MI_right_ValveIndex.uexp" 586
"../../../Engine/Plugins/Runtime/OpenXR/Content/Devices/ValveIndex/Right/right_ValveIndexController.uasset" 587
"../../../Engine/Plugins/Runtime/OpenXR/Content/Devices/ValveIndex/Right/right_ValveIndexController.uexp" 588
"../../../Engine/Content/Functions/Engine_MaterialFunctions02/Utility/MakeFloat3.uasset" 589
"../../../Engine/Content/Functions/Engine_MaterialFunctions02/Utility/MakeFloat3.uexp" 590
"../../../Engine/Content/Functions/Engine_MaterialFunctions02/Utility/BreakOutFloat4Components.uasset" 591
"../../../Engine/Content/Functions/Engine_MaterialFunctions02/Utility/BreakOutFloat4Components.uexp" 592
"../../../Engine/Plugins/Runtime/Oculus/OculusVR/Content/Materials/OculusMR_ChromaKey.uasset" 593
"../../../Engine/Plugins/Runtime/Oculus/OculusVR/Content/Materials/OculusMR_ChromaKey.uexp" 594
"../../../Engine/Plugins/Runtime/Oculus/OculusVR/Content/Materials/OculusMR_OpaqueColoredMaterial.uasset" 595
"../../../Engine/Plugins/Runtime/Oculus/OculusVR/Content/Materials/OculusMR_OpaqueColoredMaterial.uexp" 596
"../../../Engine/Plugins/Runtime/Oculus/OculusVR/Content/Materials/PokeAHoleMaterial.uasset" 597
"../../../Engine/Plugins/Runtime/Oculus/OculusVR/Content/Materials/PokeAHoleMaterial.uexp" 598
"../../../Engine/Plugins/Runtime/Oculus/OculusVR/Content/Textures/touchController_controlmap.uasset" 599
"../../../Engine/Plugins/Runtime/Oculus/OculusVR/Content/Textures/touchController_controlmap.uexp" 600
"../../../Engine/Plugins/Runtime/Oculus/OculusVR/Content/Textures/touchController_controlmap.ubulk" 601
"../../../Engine/Plugins/Runtime/Oculus/OculusVR/Content/Textures/touchController_albedo.uasset" 602
"../../../Engine/Plugins/Runtime/Oculus/OculusVR/Content/Textures/touchController_albedo.uexp" 603
"../../../Engine/Plugins/Runtime/Oculus/OculusVR/Content/Textures/touchController_albedo.ubulk" 604
"../../../Engine/Plugins/Runtime/Oculus/OculusVR/Content/Materials/touchController_mat.uasset" 605
"../../../Engine/Plugins/Runtime/Oculus/OculusVR/Content/Materials/touchController_mat.uexp" 606
"../../../Engine/Plugins/Runtime/Oculus/OculusVR/Content/Meshes/LeftTouchController.uasset" 607
"../../../Engine/Plugins/Runtime/Oculus/OculusVR/Content/Meshes/LeftTouchController.uexp" 608
"../../../Engine/Plugins/Runtime/Oculus/OculusVR/Content/Textures/TouchForQuestRiftSController_albedo.uasset" 609
"../../../Engine/Plugins/Runtime/Oculus/OculusVR/Content/Textures/TouchForQuestRiftSController_albedo.uexp" 610
"../../../Engine/Plugins/Runtime/Oculus/OculusVR/Content/Textures/TouchForQuestRiftSController_albedo.ubulk" 611
"../../../Engine/Plugins/Runtime/Oculus/OculusVR/Content/Materials/TouchForQuestRiftSControllerMaterial.uasset" 612
"../../../Engine/Plugins/Runtime/Oculus/OculusVR/Content/Materials/TouchForQuestRiftSControllerMaterial.uexp" 613
"../../../Engine/Plugins/Runtime/Oculus/OculusVR/Content/Meshes/LeftTouchForQuestRiftSController.uasset" 614
"../../../Engine/Plugins/Runtime/Oculus/OculusVR/Content/Meshes/LeftTouchForQuestRiftSController.uexp" 615
"../../../Engine/Plugins/Runtime/Oculus/OculusVR/Content/Meshes/RiftHMD.uasset" 616
"../../../Engine/Plugins/Runtime/Oculus/OculusVR/Content/Meshes/RiftHMD.uexp" 617
"../../../Engine/Plugins/Runtime/Oculus/OculusVR/Content/Meshes/RightTouchController.uasset" 618
"../../../Engine/Plugins/Runtime/Oculus/OculusVR/Content/Meshes/RightTouchController.uexp" 619
"../../../Engine/Plugins/Runtime/Oculus/OculusVR/Content/Meshes/RightTouchForQuestRiftSController.uasset" 620
"../../../Engine/Plugins/Runtime/Oculus/OculusVR/Content/Meshes/RightTouchForQuestRiftSController.uexp" 621
"D:/Unreal/ShootThemUp/Content/Environment/Textures/T_FFA_Floor_02_N.uasset" 622
"D:/Unreal/ShootThemUp/Content/Environment/Textures/T_FFA_Floor_02_N.uexp" 623
"D:/Unreal/ShootThemUp/Content/Environment/Textures/T_FFA_Floor_02_N.ubulk" 624
"D:/Unreal/ShootThemUp/Content/Environment/PhysicalMaterials/M_Concrete.uasset" 625
"D:/Unreal/ShootThemUp/Content/Environment/PhysicalMaterials/M_Concrete.uexp" 626
"D:/Unreal/ShootThemUp/Content/Environment/Textures/T_FFA_Floor_02_D.uasset" 627
"D:/Unreal/ShootThemUp/Content/Environment/Textures/T_FFA_Floor_02_D.uexp" 628
"D:/Unreal/ShootThemUp/Content/Environment/Textures/T_FFA_Floor_02_D.ubulk" 629
"D:/Unreal/ShootThemUp/Content/Environment/Textures/T_FFA_Floor_02_M.uasset" 630
"D:/Unreal/ShootThemUp/Content/Environment/Textures/T_FFA_Floor_02_M.uexp" 631
"D:/Unreal/ShootThemUp/Content/Environment/Textures/T_FFA_Floor_02_M.ubulk" 632
"D:/Unreal/ShootThemUp/Content/Environment/Materials/M_FFA_Floor_02_Dark.uasset" 633
"D:/Unreal/ShootThemUp/Content/Environment/Materials/M_FFA_Floor_02_Dark.uexp" 634
"D:/Unreal/ShootThemUp/Content/Environment/Materials/M_FFA_Floor_02.uasset" 635
"D:/Unreal/ShootThemUp/Content/Environment/Materials/M_FFA_Floor_02.uexp" 636
"D:/Unreal/ShootThemUp/Content/Player/BP_STUPlayerController.uasset" 637
"D:/Unreal/ShootThemUp/Content/Player/BP_STUPlayerController.uexp" 638
"../../../Engine/Content/EngineMeshes/Humanoid.uasset" 639
"../../../Engine/Content/EngineMeshes/Humanoid.uexp" 640
"D:/Unreal/ShootThemUp/Content/ExternalContent/Characters/HeroTPP/HeroTPP_Skeleton.uasset" 641
"D:/Unreal/ShootThemUp/Content/ExternalContent/Characters/HeroTPP/HeroTPP_Skeleton.uexp" 642
"../../../Engine/Content/Animation/DefaultAnimCurveCompressionSettings.uasset" 643
"../../../Engine/Content/Animation/DefaultAnimCurveCompressionSettings.uexp" 644
"../../../Engine/Content/Animation/DefaultAnimBoneCompressionSettings.uasset" 645
"../../../Engine/Content/Animation/DefaultAnimBoneCompressionSettings.uexp" 646
"D:/Unreal/ShootThemUp/Content/ExternalContent/Animations/TTP_Animations/Run_Fwd.uasset" 647
"D:/Unreal/ShootThemUp/Content/ExternalContent/Animations/TTP_Animations/Run_Fwd.uexp" 648
"D:/Unreal/ShootThemUp/Content/ExternalContent/Characters/HeroTPP/HeroTPP_Physics.uasset" 649
"D:/Unreal/ShootThemUp/Content/ExternalContent/Characters/HeroTPP/HeroTPP_Physics.uexp" 650
"D:/Unreal/ShootThemUp/Content/ExternalContent/Characters/Textures/Chr_FPS_D.uasset" 651
"D:/Unreal/ShootThemUp/Content/ExternalContent/Characters/Textures/Chr_FPS_D.uexp" 652
"D:/Unreal/ShootThemUp/Content/ExternalContent/Characters/Textures/Chr_FPS_D.ubulk" 653
"D:/Unreal/ShootThemUp/Content/ExternalContent/Environment/Textures/T_Vista_Grass_N.uasset" 654
"D:/Unreal/ShootThemUp/Content/ExternalContent/Environment/Textures/T_Vista_Grass_N.uexp" 655
"D:/Unreal/ShootThemUp/Content/ExternalContent/Environment/Textures/T_Vista_Grass_N.ubulk" 656
"D:/Unreal/ShootThemUp/Content/ExternalContent/Characters/Materials/ML_Base.uasset" 657
"D:/Unreal/ShootThemUp/Content/ExternalContent/Characters/Materials/ML_Base.uexp" 658
"D:/Unreal/ShootThemUp/Content/ExternalContent/Characters/Textures/Chr_FPS_02_M.uasset" 659
"D:/Unreal/ShootThemUp/Content/ExternalContent/Characters/Textures/Chr_FPS_02_M.uexp" 660
"D:/Unreal/ShootThemUp/Content/ExternalContent/Characters/Textures/Chr_FPS_02_M.ubulk" 661
"D:/Unreal/ShootThemUp/Content/ExternalContent/Characters/Textures/Chr_FPS_M.uasset" 662
"D:/Unreal/ShootThemUp/Content/ExternalContent/Characters/Textures/Chr_FPS_M.uexp" 663
"D:/Unreal/ShootThemUp/Content/ExternalContent/Characters/Textures/Chr_FPS_M.ubulk" 664
"D:/Unreal/ShootThemUp/Content/ExternalContent/Characters/Materials/ML_Emissive_Custom.uasset" 665
"D:/Unreal/ShootThemUp/Content/ExternalContent/Characters/Materials/ML_Emissive_Custom.uexp" 666
"D:/Unreal/ShootThemUp/Content/ExternalContent/Characters/Textures/Tiles/T_Sctraches_01.uasset" 667
"D:/Unreal/ShootThemUp/Content/ExternalContent/Characters/Textures/Tiles/T_Sctraches_01.uexp" 668
"D:/Unreal/ShootThemUp/Content/ExternalContent/Characters/Textures/Tiles/T_Sctraches_01.ubulk" 669
"D:/Unreal/ShootThemUp/Content/ExternalContent/Characters/Materials/ML_Glass.uasset" 670
"D:/Unreal/ShootThemUp/Content/ExternalContent/Characters/Materials/ML_Glass.uexp" 671
"D:/Unreal/ShootThemUp/Content/ExternalContent/Characters/Textures/Chr_FPS_Metal_02.uasset" 672
"D:/Unreal/ShootThemUp/Content/ExternalContent/Characters/Textures/Chr_FPS_Metal_02.uexp" 673
"D:/Unreal/ShootThemUp/Content/ExternalContent/Characters/Textures/Chr_FPS_Metal_02.ubulk" 674
"D:/Unreal/ShootThemUp/Content/ExternalContent/Characters/Materials/ML_Metal_light.uasset" 675
"D:/Unreal/ShootThemUp/Content/ExternalContent/Characters/Materials/ML_Metal_light.uexp" 676
"D:/Unreal/ShootThemUp/Content/ExternalContent/Characters/Textures/Chr_FPS_Metal_01.uasset" 677
"D:/Unreal/ShootThemUp/Content/ExternalContent/Characters/Textures/Chr_FPS_Metal_01.uexp" 678
"D:/Unreal/ShootThemUp/Content/ExternalContent/Characters/Textures/Chr_FPS_Metal_01.ubulk" 679
"D:/Unreal/ShootThemUp/Content/ExternalContent/Characters/Materials/ML_Metal_Painted.uasset" 680
"D:/Unreal/ShootThemUp/Content/ExternalContent/Characters/Materials/ML_Metal_Painted.uexp" 681
"D:/Unreal/ShootThemUp/Content/ExternalContent/Characters/Materials/ML_Rubber_dark.uasset" 682
"D:/Unreal/ShootThemUp/Content/ExternalContent/Characters/Materials/ML_Rubber_dark.uexp" 683
"D:/Unreal/ShootThemUp/Content/ExternalContent/Characters/Textures/Chr_FPS_Fabric_N_01.uasset" 684
"D:/Unreal/ShootThemUp/Content/ExternalContent/Characters/Textures/Chr_FPS_Fabric_N_01.uexp" 685
"D:/Unreal/ShootThemUp/Content/ExternalContent/Characters/Textures/Chr_FPS_Fabric_N_01.ubulk" 686
"D:/Unreal/ShootThemUp/Content/ExternalContent/Characters/Materials/ML_Rubber_light.uasset" 687
"D:/Unreal/ShootThemUp/Content/ExternalContent/Characters/Materials/ML_Rubber_light.uexp" 688
"D:/Unreal/ShootThemUp/Content/ExternalContent/Characters/Textures/Chr_FPS_M_03tga.uasset" 689
"D:/Unreal/ShootThemUp/Content/ExternalContent/Characters/Textures/Chr_FPS_M_03tga.uexp" 690
"D:/Unreal/ShootThemUp/Content/ExternalContent/Characters/Textures/Chr_FPS_M_03tga.ubulk" 691
"D:/Unreal/ShootThemUp/Content/ExternalContent/Characters/Textures/Chr_FPS_N.uasset" 692
"D:/Unreal/ShootThemUp/Content/ExternalContent/Characters/Textures/Chr_FPS_N.uexp" 693
"D:/Unreal/ShootThemUp/Content/ExternalContent/Environment/PhysicalMaterials/M_BodyDamage.uasset" 694
"D:/Unreal/ShootThemUp/Content/ExternalContent/Environment/PhysicalMaterials/M_BodyDamage.uexp" 695
"D:/Unreal/ShootThemUp/Content/ExternalContent/Characters/Materials/HeroTPP.uasset" 696
"D:/Unreal/ShootThemUp/Content/ExternalContent/Characters/Materials/HeroTPP.uexp" 697
"D:/Unreal/ShootThemUp/Content/ExternalContent/Characters/HeroTPP/HeroTPP.uasset" 698
"D:/Unreal/ShootThemUp/Content/ExternalContent/Characters/HeroTPP/HeroTPP.uexp" 699
"D:/Unreal/ShootThemUp/Content/ExternalContent/Animations/TTP_Animations/Death.uasset" 700
"D:/Unreal/ShootThemUp/Content/ExternalContent/Animations/TTP_Animations/Death.uexp" 701
"D:/Unreal/ShootThemUp/Content/Player/Animations/AM_Death.uasset" 702
"D:/Unreal/ShootThemUp/Content/Player/Animations/AM_Death.uexp" 703
"D:/Unreal/ShootThemUp/Content/ExternalContent/Animations/TTP_Animations/JumpStart.uasset" 704
"D:/Unreal/ShootThemUp/Content/ExternalContent/Animations/TTP_Animations/JumpStart.uexp" 705
"D:/Unreal/ShootThemUp/Content/ExternalContent/Animations/TTP_Animations/JumpLoop.uasset" 706
"D:/Unreal/ShootThemUp/Content/ExternalContent/Animations/TTP_Animations/JumpLoop.uexp" 707
"D:/Unreal/ShootThemUp/Content/ExternalContent/Animations/TTP_Animations/JumpEnd.uasset" 708
"D:/Unreal/ShootThemUp/Content/ExternalContent/Animations/TTP_Animations/JumpEnd.uexp" 709
"D:/Unreal/ShootThemUp/Content/ExternalContent/Animations/TTP_Animations/RoadieRun_Fwd.uasset" 710
"D:/Unreal/ShootThemUp/Content/ExternalContent/Animations/TTP_Animations/RoadieRun_Fwd.uexp" 711
"D:/Unreal/ShootThemUp/Content/ExternalContent/Animations/TTP_Animations/Idle.uasset" 712
"D:/Unreal/ShootThemUp/Content/ExternalContent/Animations/TTP_Animations/Idle.uexp" 713
"D:/Unreal/ShootThemUp/Content/Player/Animations/BS_LocomotionRun.uasset" 714
"D:/Unreal/ShootThemUp/Content/Player/Animations/BS_LocomotionRun.uexp" 715
"D:/Unreal/ShootThemUp/Content/ExternalContent/Animations/TTP_Animations/AimOffsetDown.uasset" 716
"D:/Unreal/ShootThemUp/Content/ExternalContent/Animations/TTP_Animations/AimOffsetDown.uexp" 717
"D:/Unreal/ShootThemUp/Content/ExternalContent/Animations/TTP_Animations/AimOffsetFwd.uasset" 718
"D:/Unreal/ShootThemUp/Content/ExternalContent/Animations/TTP_Animations/AimOffsetFwd.uexp" 719
"D:/Unreal/ShootThemUp/Content/ExternalContent/Animations/TTP_Animations/AimOffsetLeft.uasset" 720
"D:/Unreal/ShootThemUp/Content/ExternalContent/Animations/TTP_Animations/AimOffsetLeft.uexp" 721
"D:/Unreal/ShootThemUp/Content/ExternalContent/Animations/TTP_Animations/AimOffsetLeftDown.uasset" 722
"D:/Unreal/ShootThemUp/Content/ExternalContent/Animations/TTP_Animations/AimOffsetLeftDown.uexp" 723
"D:/Unreal/ShootThemUp/Content/ExternalContent/Animations/TTP_Animations/AimOffsetLeftUp.uasset" 724
"D:/Unreal/ShootThemUp/Content/ExternalContent/Animations/TTP_Animations/AimOffsetLeftUp.uexp" 725
"D:/Unreal/ShootThemUp/Content/ExternalContent/Animations/TTP_Animations/AimOffsetRight.uasset" 726
"D:/Unreal/ShootThemUp/Content/ExternalContent/Animations/TTP_Animations/AimOffsetRight.uexp" 727
"D:/Unreal/ShootThemUp/Content/ExternalContent/Animations/TTP_Animations/AimOffsetRightDown.uasset" 728
"D:/Unreal/ShootThemUp/Content/ExternalContent/Animations/TTP_Animations/AimOffsetRightDown.uexp" 729
"D:/Unreal/ShootThemUp/Content/ExternalContent/Animations/TTP_Animations/AimOffsetRightUp.uasset" 730
"D:/Unreal/ShootThemUp/Content/ExternalContent/Animations/TTP_Animations/AimOffsetRightUp.uexp" 731
"D:/Unreal/ShootThemUp/Content/ExternalContent/Animations/TTP_Animations/AimOffsetUp.uasset" 732
"D:/Unreal/ShootThemUp/Content/ExternalContent/Animations/TTP_Animations/AimOffsetUp.uexp" 733
"D:/Unreal/ShootThemUp/Content/Player/Animations/AO_BaseCharacter.uasset" 734
"D:/Unreal/ShootThemUp/Content/Player/Animations/AO_BaseCharacter.uexp" 735
"D:/Unreal/ShootThemUp/Content/ExternalContent/Animations/TTP_Animations/Run_Bwd.uasset" 736
"D:/Unreal/ShootThemUp/Content/ExternalContent/Animations/TTP_Animations/Run_Bwd.uexp" 737
"D:/Unreal/ShootThemUp/Content/ExternalContent/Animations/TTP_Animations/Run_Lt.uasset" 738
"D:/Unreal/ShootThemUp/Content/ExternalContent/Animations/TTP_Animations/Run_Lt.uexp" 739
"D:/Unreal/ShootThemUp/Content/ExternalContent/Animations/TTP_Animations/Run_Rt.uasset" 740
"D:/Unreal/ShootThemUp/Content/ExternalContent/Animations/TTP_Animations/Run_Rt.uexp" 741
"D:/Unreal/ShootThemUp/Content/Player/Animations/BS_LocomotionWalk.uasset" 742
"D:/Unreal/ShootThemUp/Content/Player/Animations/BS_LocomotionWalk.uexp" 743
"D:/Unreal/ShootThemUp/Content/Player/Animations/ABP_BaseCharacter.uasset" 744
"D:/Unreal/ShootThemUp/Content/Player/Animations/ABP_BaseCharacter.uexp" 745
"D:/Unreal/ShootThemUp/Content/ExternalContent/Animations/TTP_Animations/Equip.uasset" 746
"D:/Unreal/ShootThemUp/Content/ExternalContent/Animations/TTP_Animations/Equip.uexp" 747
"D:/Unreal/ShootThemUp/Content/Player/Animations/AM_Equip.uasset" 748
"D:/Unreal/ShootThemUp/Content/Player/Animations/AM_Equip.uexp" 749
"D:/Unreal/ShootThemUp/Content/ExternalContent/Animations/TTP_Animations/Launcher_Reload.uasset" 750
"D:/Unreal/ShootThemUp/Content/ExternalContent/Animations/TTP_Animations/Launcher_Reload.uexp" 751
"D:/Unreal/ShootThemUp/Content/Player/Animations/AM_Reload_Launcher.uasset" 752
"D:/Unreal/ShootThemUp/Content/Player/Animations/AM_Reload_Launcher.uexp" 753
"D:/Unreal/ShootThemUp/Content/ExternalContent/Animations/TTP_Animations/Reload.uasset" 754
"D:/Unreal/ShootThemUp/Content/ExternalContent/Animations/TTP_Animations/Reload.uexp" 755
"D:/Unreal/ShootThemUp/Content/Player/Animations/AM_Reload_Rifle.uasset" 756
"D:/Unreal/ShootThemUp/Content/Player/Animations/AM_Reload_Rifle.uexp" 757
"D:/Unreal/ShootThemUp/Content/Weapons/Launcher_Skeleton.uasset" 758
"D:/Unreal/ShootThemUp/Content/Weapons/Launcher_Skeleton.uexp" 759
"D:/Unreal/ShootThemUp/Content/Weapons/Textures/LauncherT2_shade.uasset" 760
"D:/Unreal/ShootThemUp/Content/Weapons/Textures/LauncherT2_shade.uexp" 761
"D:/Unreal/ShootThemUp/Content/Weapons/Textures/LauncherT2_shade.ubulk" 762
"D:/Unreal/ShootThemUp/Content/Weapons/Textures/LauncherT2_section.uasset" 763
"D:/Unreal/ShootThemUp/Content/Weapons/Textures/LauncherT2_section.uexp" 764
"D:/Unreal/ShootThemUp/Content/Weapons/Textures/LauncherT2_section.ubulk" 765
"D:/Unreal/ShootThemUp/Content/Weapons/Textures/Launcher_02_N.uasset" 766
"D:/Unreal/ShootThemUp/Content/Weapons/Textures/Launcher_02_N.uexp" 767
"D:/Unreal/ShootThemUp/Content/Weapons/Textures/Launcher_02_N.ubulk" 768
"D:/Unreal/ShootThemUp/Content/Weapons/Materials/Launcher_MatB.uasset" 769
"D:/Unreal/ShootThemUp/Content/Weapons/Materials/Launcher_MatB.uexp" 770
"D:/Unreal/ShootThemUp/Content/Weapons/Materials/Launcher_MatB_Inst.uasset" 771
"D:/Unreal/ShootThemUp/Content/Weapons/Materials/Launcher_MatB_Inst.uexp" 772
"D:/Unreal/ShootThemUp/Content/Weapons/Textures/LauncherT1_shade.uasset" 773
"D:/Unreal/ShootThemUp/Content/Weapons/Textures/LauncherT1_shade.uexp" 774
"D:/Unreal/ShootThemUp/Content/Weapons/Textures/LauncherT1_shade.ubulk" 775
"D:/Unreal/ShootThemUp/Content/Weapons/Textures/LauncherT1_section.uasset" 776
"D:/Unreal/ShootThemUp/Content/Weapons/Textures/LauncherT1_section.uexp" 777
"D:/Unreal/ShootThemUp/Content/Weapons/Textures/LauncherT1_section.ubulk" 778
"D:/Unreal/ShootThemUp/Content/Weapons/Textures/Launcher_01_N.uasset" 779
"D:/Unreal/ShootThemUp/Content/Weapons/Textures/Launcher_01_N.uexp" 780
"D:/Unreal/ShootThemUp/Content/Weapons/Textures/Launcher_01_N.ubulk" 781
"D:/Unreal/ShootThemUp/Content/Weapons/Materials/Launcher_MatA.uasset" 782
"D:/Unreal/ShootThemUp/Content/Weapons/Materials/Launcher_MatA.uexp" 783
"D:/Unreal/ShootThemUp/Content/Weapons/Materials/Launcher_MatA_Inst.uasset" 784
"D:/Unreal/ShootThemUp/Content/Weapons/Materials/Launcher_MatA_Inst.uexp" 785
"D:/Unreal/ShootThemUp/Content/Weapons/Launcher.uasset" 786
"D:/Unreal/ShootThemUp/Content/Weapons/Launcher.uexp" 787
"D:/Unreal/ShootThemUp/Content/Materials/M_BaseColor.uasset" 788
"D:/Unreal/ShootThemUp/Content/Materials/M_BaseColor.uexp" 789
"D:/Unreal/ShootThemUp/Content/Materials/M_Projectile.uasset" 790
"D:/Unreal/ShootThemUp/Content/Materials/M_Projectile.uexp" 791
"../../../Engine/Content/BasicShapes/Sphere.uasset" 792
"../../../Engine/Content/BasicShapes/Sphere.uexp" 793
"D:/Unreal/ShootThemUp/Content/Weapon/BP_STUProjectile.uasset" 794
"D:/Unreal/ShootThemUp/Content/Weapon/BP_STUProjectile.uexp" 795
"D:/Unreal/ShootThemUp/Content/UI/Images/Launcher.uasset" 796
"D:/Unreal/ShootThemUp/Content/UI/Images/Launcher.uexp" 797
"D:/Unreal/ShootThemUp/Content/UI/Images/free-icon-circular-shooting-target-16414.uasset" 798
"D:/Unreal/ShootThemUp/Content/UI/Images/free-icon-circular-shooting-target-16414.uexp" 799
"D:/Unreal/ShootThemUp/Content/UI/Images/free-icon-circular-shooting-target-16414.ubulk" 800
"D:/Unreal/ShootThemUp/Content/Weapon/BP_STULauncherWeapon.uasset" 801
"D:/Unreal/ShootThemUp/Content/Weapon/BP_STULauncherWeapon.uexp" 802
"D:/Unreal/ShootThemUp/Content/UI/Images/Rifle.uasset" 803
"D:/Unreal/ShootThemUp/Content/UI/Images/Rifle.uexp" 804
"D:/Unreal/ShootThemUp/Content/UI/Images/free-icon-targeting-cross-20192.uasset" 805
"D:/Unreal/ShootThemUp/Content/UI/Images/free-icon-targeting-cross-20192.uexp" 806
"D:/Unreal/ShootThemUp/Content/UI/Images/free-icon-targeting-cross-20192.ubulk" 807
"D:/Unreal/ShootThemUp/Content/Weapon/BP_STURifleWeapon.uasset" 808
"D:/Unreal/ShootThemUp/Content/Weapon/BP_STURifleWeapon.uexp" 809
"D:/Unreal/ShootThemUp/Content/Player/BP_STUBaseCharacter.uasset" 810
"D:/Unreal/ShootThemUp/Content/Player/BP_STUBaseCharacter.uexp" 811
"D:/Unreal/ShootThemUp/Content/UI/WBP_SpectatingHUD.uasset" 812
"D:/Unreal/ShootThemUp/Content/UI/WBP_SpectatingHUD.uexp" 813
"D:/Unreal/ShootThemUp/Content/UI/Images/free-icon-precision-889828.uasset" 814
"D:/Unreal/ShootThemUp/Content/UI/Images/free-icon-precision-889828.uexp" 815
"D:/Unreal/ShootThemUp/Content/UI/Images/free-icon-precision-889828.ubulk" 816
"D:/Unreal/ShootThemUp/Content/UI/WBP_PlayerHUD.uasset" 817
"D:/Unreal/ShootThemUp/Content/UI/WBP_PlayerHUD.uexp" 818
"D:/Unreal/ShootThemUp/Content/UI/BP_STUGameHUD.uasset" 819
"D:/Unreal/ShootThemUp/Content/UI/BP_STUGameHUD.uexp" 820
"D:/Unreal/ShootThemUp/Content/BP_STUGameModeBase.uasset" 821
"D:/Unreal/ShootThemUp/Content/BP_STUGameModeBase.uexp" 822
"../../../Engine/Content/EngineSky/T_Sky_Blue.uasset" 823
"../../../Engine/Content/EngineSky/T_Sky_Blue.uexp" 824
"../../../Engine/Content/EngineSky/T_Sky_Blue.ubulk" 825
"../../../Engine/Content/EngineSky/T_Sky_Clouds_M.uasset" 826
"../../../Engine/Content/EngineSky/T_Sky_Clouds_M.uexp" 827
"../../../Engine/Content/EngineSky/T_Sky_Clouds_M.ubulk" 828
"../../../Engine/Content/EngineSky/T_Sky_Stars.uasset" 829
"../../../Engine/Content/EngineSky/T_Sky_Stars.uexp" 830
"../../../Engine/Content/EngineSky/T_Sky_Stars.ubulk" 831
"../../../Engine/Content/EngineSky/M_Sky_Panning_Clouds2.uasset" 832
"../../../Engine/Content/EngineSky/M_Sky_Panning_Clouds2.uexp" 833
"../../../Engine/Content/EngineSky/SM_SkySphere.uasset" 834
"../../../Engine/Content/EngineSky/SM_SkySphere.uexp" 835
"../../../Engine/Content/EngineSky/C_Sky_Zenith_Color.uasset" 836
"../../../Engine/Content/EngineSky/C_Sky_Zenith_Color.uexp" 837
"../../../Engine/Content/EngineSky/C_Sky_Horizon_Color.uasset" 838
"../../../Engine/Content/EngineSky/C_Sky_Horizon_Color.uexp" 839
"../../../Engine/Content/EngineSky/C_Sky_Cloud_Color.uasset" 840
"../../../Engine/Content/EngineSky/C_Sky_Cloud_Color.uexp" 841
"../../../Engine/Content/EngineSky/BP_Sky_Sphere.uasset" 842
"../../../Engine/Content/EngineSky/BP_Sky_Sphere.uexp" 843
"D:/Unreal/ShootThemUp/Content/Levels/TestLevel_BuiltData.uasset" 844
"D:/Unreal/ShootThemUp/Content/Levels/TestLevel_BuiltData.uexp" 845
"D:/Unreal/ShootThemUp/Content/Levels/TestLevel_BuiltData.ubulk" 846
"D:/Unreal/ShootThemUp/Content/Levels/TestLevel.uexp" 847
"D:/Unreal/ShootThemUp/Content/Levels/TestLevel.umap" 848
"../../../Engine/Content/Maps/Entry_BuiltData.uasset" 849
"../../../Engine/Content/Maps/Entry_BuiltData.uexp" 850
"../../../Engine/Content/Maps/Entry.uexp" 851
"../../../Engine/Content/Maps/Entry.umap" 852
